Downloading content from "./contracts/eosio.token-1.0.2.wasm".
Downloading content from "./contracts/eosio.system-1.0.2.wasm".
Downloading content from "./contracts/eosio.bios-1.0.2.wasm".
Downloading content from "./contracts/eosio.token-1.0.2.abi".
Downloading content from "./contracts/eosio.system-1.0.2.abi".
Caching content from "./contracts/eosio.token-1.0.2.wasm".
Downloading content from "./contracts/eosio.msig-1.0.2.wasm".
Caching content from "./contracts/eosio.token-1.0.2.abi".
Caching content from "./contracts/eosio.bios-1.0.2.wasm".
Downloading content from "./contracts/eosio.bios-1.0.2.abi".
Caching content from "./contracts/eosio.system-1.0.2.wasm".
Caching content from "./contracts/eosio.msig-1.0.2.wasm".
Caching content from "./contracts/eosio.system-1.0.2.abi".
Caching content from "./contracts/eosio.bios-1.0.2.abi".
Downloading content from "./contracts/eosio.msig-1.0.2.abi".
- "./contracts/eosio.token-1.0.2.wasm" done
Caching content from "./contracts/eosio.msig-1.0.2.abi".
- "./contracts/eosio.token-1.0.2.abi" done
- "./contracts/eosio.system-1.0.2.wasm" done
- "./contracts/eosio.bios-1.0.2.wasm" done
- "./contracts/eosio.msig-1.0.2.wasm" done
- "./contracts/eosio.bios-1.0.2.abi" done
- "./contracts/eosio.system-1.0.2.abi" done
- "./contracts/eosio.msig-1.0.2.abi" done
START BOOT SEQUENCE...
Using preset key:

	Public key: EOS6MRyAjQq8ud7hVNYcfnVPJqcVpscN5So8BhtHuGYqET5GDW5CV
	Private key: 5KQw..vFD3

Wrote file "genesis.pub"
Wrote file "genesis.key"
Not writing actions to 'actions.jsonl'. Activate with --write-actions
---- BEGIN HOOK "boot" ----
---- END HOOK "boot" ----
Pinging target node at "http://localhost:8080"...
 touchdown!
In-memory keys:
- EOS6MRyAjQq8ud7hVNYcfnVPJqcVpscN5So8BhtHuGYqET5GDW5CV
- EOS6MRyAjQq8ud7hVNYcfnVPJqcVpscN5So8BhtHuGYqET5GDW5CV

Setting eosio.bios code for account eosio  [system.setcode] 
.
 done
Create account eosio2  [system.newaccount] 
.
 done
Create account eosio3  [system.newaccount] 
.
 done
Create account eosio.msig (on-chain multi-signature helper)  [system.newaccount] 
.
 done
Create account eosio.token (main multi-currency contract, including EOS)  [system.newaccount] 
.
 done
Create account eosio.ram (where buyram proceeds go)  [system.newaccount] 
.
 done
Create account eosio.ramfee (where buyram fees go)  [system.newaccount] 
.
 done
Create account eosio.names (where bidname revenues go)  [system.newaccount] 
.
 done
Create account eosio.stake (where delegated stakes go)  [system.newaccount] 
.
 done
Create account eosio.saving (unallocated inflation)  [system.newaccount] 
.
 done
Create account eosio.bpay (fund per-block bucket)  [system.newaccount] 
.
 done
Create account eosio.vpay (fund per-vote bucket)  [system.newaccount] 
.
 done
Setting privileged account for eosio.msig  [system.setpriv] 
.
 done
Setting eosio.msig code for account eosio.msig  [system.setcode] 
.
 done
Setting eosio.token code for account eosio.token  [system.setcode] 
.
 done
Creating the EOS currency symbol  [token.create] 
.
 done
Issuing initial EOS monetary base  [token.issue] 
.
 done
Replacing eosio account from eosio.bios contract to eosio.system  [system.setcode] 
.
 done
Disabling authorization for system accounts, pointing `eosio` to the `eosio.prods` account.  [system.resign_accounts] 
.
 done
Waiting 2 seconds for transactions to flush to blocks
Pinging target node at "http://localhost:8080"...
 touchdown!
Pulling blocks from chain until we gathered all actions to validate:
.
Receiving block height=1 producer= transactions=0
.
Receiving block height=2 producer=eosio transactions=0
.
Receiving block height=3 producer=eosio transactions=0
.
Receiving block height=4 producer=eosio transactions=0
.
Receiving block height=5 producer=eosio transactions=0
.
Receiving block height=6 producer=eosio transactions=0
.
Receiving block height=7 producer=eosio transactions=0
.
Receiving block height=8 producer=eosio transactions=0
.
Receiving block height=9 producer=eosio transactions=0
.
Receiving block height=10 producer=eosio transactions=0
.
Receiving block height=11 producer=eosio transactions=0
.
Receiving block height=12 producer=eosio transactions=0
.
Receiving block height=13 producer=eosio transactions=0
.
Receiving block height=14 producer=eosio transactions=0
.
Receiving block height=15 producer=eosio transactions=0
.
Receiving block height=16 producer=eosio transactions=0
.
Receiving block height=17 producer=eosio transactions=0
.
Receiving block height=18 producer=eosio transactions=0
.
Receiving block height=19 producer=eosio transactions=0
.
Receiving block height=20 producer=eosio transactions=0
.
Receiving block height=21 producer=eosio transactions=0
.
Receiving block height=22 producer=eosio transactions=0
.
Receiving block height=23 producer=eosio transactions=0
.
Receiving block height=24 producer=eosio transactions=0
.
Receiving block height=25 producer=eosio transactions=0
.
Receiving block height=26 producer=eosio transactions=0
.
Receiving block height=27 producer=eosio transactions=0
.
Receiving block height=28 producer=eosio transactions=0
.
Receiving block height=29 producer=eosio transactions=0
.
Receiving block height=30 producer=eosio transactions=0
.
Receiving block height=31 producer=eosio transactions=8
- Validating action 1/40 [eosio::setcode]
 valid.
- Validating action 2/40 [eosio::setabi]
 valid.
- Validating action 3/40 [eosio::newaccount]
 valid.
- Validating action 4/40 [eosio::newaccount]
 valid.
- Validating action 5/40 [eosio::newaccount]
 valid.
- Validating action 6/40 [eosio::newaccount]
 valid.
- Validating action 7/40 [eosio::newaccount]
 valid.
- Validating action 8/40 [eosio::newaccount]
 valid.
- Validating action 9/40 [eosio::newaccount]
 valid.
.
Receiving block height=32 producer=eosio transactions=11
- Validating action 10/40 [eosio::newaccount]
 valid.
- Validating action 11/40 [eosio::newaccount]
 valid.
- Validating action 12/40 [eosio::newaccount]
 valid.
- Validating action 13/40 [eosio::newaccount]
 valid.
- Validating action 14/40 [eosio::setpriv]
 valid.
- Validating action 15/40 [eosio::setcode]
 valid.
- Validating action 16/40 [eosio::setabi]
 valid.
- Validating action 17/40 [eosio::setcode]
 valid.
- Validating action 18/40 [eosio::setabi]
 valid.
- Validating action 19/40 [eosio.token::create]
 valid.
- Validating action 20/40 [eosio.token::issue]
 valid.
- Validating action 21/40 [eosio::setcode]
 valid.
- Validating action 22/40 [eosio::setabi]
 valid.
- Validating action 23/40 [eosio::updateauth]
 valid.
- Validating action 24/40 [eosio::updateauth]
 valid.
- Validating action 25/40 [eosio::updateauth]
 valid.
- Validating action 26/40 [eosio::updateauth]
 valid.
- Validating action 27/40 [eosio::updateauth]
 valid.
- Validating action 28/40 [eosio::updateauth]
 valid.
- Validating action 29/40 [eosio::updateauth]
 valid.
- Validating action 30/40 [eosio::updateauth]
 valid.
- Validating action 31/40 [eosio::updateauth]
 valid.
- Validating action 32/40 [eosio::updateauth]
 valid.
- Validating action 33/40 [eosio::updateauth]
 valid.
- Validating action 34/40 [eosio::updateauth]
 valid.
- Validating action 35/40 [eosio::updateauth]
 valid.
- Validating action 36/40 [eosio::updateauth]
 valid.
- Validating action 37/40 [eosio::updateauth]
 valid.
- Validating action 38/40 [eosio::updateauth]
 valid.
- Validating action 39/40 [eosio::updateauth]
 valid.
- Validating action 40/40 [eosio::updateauth]
 valid.

All good! Chain validation succeeded!

